<?xml version="1.0" encoding="UTF-8" ?>
<testsuite tests="38" failures="0" name="BoxTest" time="0.104" errors="0" skipped="0">
  <properties>
    <property name="java.runtime.name" value="Java(TM) SE Runtime Environment"/>
    <property name="java.vm.version" value="15.0.1+9-18"/>
    <property name="sun.boot.library.path" value="C:\Program Files\Java\jdk-15.0.1\bin"/>
    <property name="maven.multiModuleProjectDirectory" value="C:\Group_5\Group5_Box\Box"/>
    <property name="java.vm.vendor" value="Oracle Corporation"/>
    <property name="java.vendor.url" value="https://java.oracle.com/"/>
    <property name="guice.disable.misplaced.annotation.check" value="true"/>
    <property name="path.separator" value=";"/>
    <property name="java.vm.name" value="Java HotSpot(TM) 64-Bit Server VM"/>
    <property name="sun.os.patch.level" value=""/>
    <property name="user.script" value=""/>
    <property name="user.country" value="KR"/>
    <property name="sun.java.launcher" value="SUN_STANDARD"/>
    <property name="java.vm.specification.name" value="Java Virtual Machine Specification"/>
    <property name="user.dir" value="C:\Group_5\Group5_Box\Box"/>
    <property name="java.vm.compressedOopsMode" value="32-bit"/>
    <property name="java.runtime.version" value="15.0.1+9-18"/>
    <property name="os.arch" value="amd64"/>
    <property name="java.io.tmpdir" value="C:\Users\junki\AppData\Local\Temp\"/>
    <property name="line.separator" value="
"/>
    <property name="java.vm.specification.vendor" value="Oracle Corporation"/>
    <property name="user.variant" value=""/>
    <property name="os.name" value="Windows 10"/>
    <property name="classworlds.conf" value="C:\Program Files\apache-maven-3.6.3\bin\..\bin\m2.conf"/>
    <property name="sun.jnu.encoding" value="Cp1252"/>
    <property name="java.library.path" value="C:\Program Files\Java\jdk-15.0.1\bin;C:\WINDOWS\Sun\Java\bin;C:\WINDOWS\system32;C:\WINDOWS;C:\Program Files\Common Files\Oracle\Java\javapath;C:\Program Files (x86)\Intel\iCLS Client\;C:\Program Files\Intel\iCLS Client\;C:\Windows\system32;C:\Windows;C:\Windows\System32\Wbem;C:\Windows\System32\WindowsPowerShell\v1.0\;C:\Program Files (x86)\Intel\Intel(R) Management Engine Components\DAL;C:\Program Files\Intel\Intel(R) Management Engine Components\DAL;C:\Program Files (x86)\Intel\Intel(R) Management Engine Components\IPT;C:\Program Files\Intel\Intel(R) Management Engine Components\IPT;C:\Program Files (x86)\NVIDIA Corporation\PhysX\Common;C:\WINDOWS\system32;C:\WINDOWS;C:\WINDOWS\System32\Wbem;C:\WINDOWS\System32\WindowsPowerShell\v1.0\;C:\WINDOWS\System32\OpenSSH\;C:\Program Files\Intel\WiFi\bin\;C:\Program Files\Common Files\Intel\WirelessCommon\;C:\Program Files\dotnet\;C:\Program Files\Git\cmd;C:\Program Files\Java\jdk-15.0.1\bin;C:\Program Files\apache-maven-3.6.3\bin;C:\MinGW\bin;C:\Users\junki\AppData\Local\Microsoft\WindowsApps;;C:\Users\junki\.dotnet\tools;C:\Users\junki\.dotnet\tools;C:\Users\junki\AppData\Local\Programs\Microsoft VS Code\bin;C:\Users\junki\AppData\Local\Microsoft\WindowsApps;."/>
    <property name="maven.conf" value="C:\Program Files\apache-maven-3.6.3\bin\../conf"/>
    <property name="jdk.debug" value="release"/>
    <property name="java.class.version" value="59.0"/>
    <property name="java.specification.name" value="Java Platform API Specification"/>
    <property name="sun.management.compiler" value="HotSpot 64-Bit Tiered Compilers"/>
    <property name="os.version" value="10.0"/>
    <property name="library.jansi.path" value="C:\Program Files\apache-maven-3.6.3\bin\..\lib\jansi-native"/>
    <property name="user.home" value="C:\Users\junki"/>
    <property name="user.timezone" value="America/Chicago"/>
    <property name="file.encoding" value="MS949"/>
    <property name="java.specification.version" value="15"/>
    <property name="user.name" value="junki"/>
    <property name="java.class.path" value="C:\Program Files\apache-maven-3.6.3\bin\..\boot\plexus-classworlds-2.6.0.jar"/>
    <property name="java.vm.specification.version" value="15"/>
    <property name="sun.arch.data.model" value="64"/>
    <property name="sun.java.command" value="org.codehaus.plexus.classworlds.launcher.Launcher test"/>
    <property name="java.home" value="C:\Program Files\Java\jdk-15.0.1"/>
    <property name="user.language" value="ko"/>
    <property name="java.specification.vendor" value="Oracle Corporation"/>
    <property name="java.vm.info" value="mixed mode, sharing"/>
    <property name="java.version" value="15.0.1"/>
    <property name="java.vendor" value="Oracle Corporation"/>
    <property name="sun.stderr.encoding" value="cp437"/>
    <property name="maven.home" value="C:\Program Files\apache-maven-3.6.3\bin\.."/>
    <property name="file.separator" value="\"/>
    <property name="java.version.date" value="2020-10-20"/>
    <property name="java.vendor.url.bug" value="https://bugreport.java.com/bugreport/"/>
    <property name="sun.io.unicode.encoding" value="UnicodeLittle"/>
    <property name="sun.cpu.endian" value="little"/>
    <property name="sun.stdout.encoding" value="cp437"/>
    <property name="sun.cpu.isalist" value="amd64"/>
  </properties>
  <testcase classname="BoxTest" name="UnitTest10" time="0.002"/>
  <testcase classname="BoxTest" name="UnitTest11" time="0"/>
  <testcase classname="BoxTest" name="UnitTest12" time="0"/>
  <testcase classname="BoxTest" name="UnitTest13" time="0.001"/>
  <testcase classname="BoxTest" name="UnitTest14" time="0.002"/>
  <testcase classname="BoxTest" name="UnitTest15" time="0.008"/>
  <testcase classname="BoxTest" name="UnitTest16" time="0"/>
  <testcase classname="BoxTest" name="UnitTest17" time="0"/>
  <testcase classname="BoxTest" name="UnitTest18" time="0.002"/>
  <testcase classname="BoxTest" name="UnitTest19" time="0"/>
  <testcase classname="BoxTest" name="UnitTest20" time="0"/>
  <testcase classname="BoxTest" name="UnitTest21" time="0"/>
  <testcase classname="BoxTest" name="UnitTest22" time="0.002"/>
  <testcase classname="BoxTest" name="UnitTest23" time="0.001"/>
  <testcase classname="BoxTest" name="UnitTest24" time="0.001"/>
  <testcase classname="BoxTest" name="UnitTest25" time="0.001"/>
  <testcase classname="BoxTest" name="UnitTest26" time="0.001"/>
  <testcase classname="BoxTest" name="UnitTest27" time="0"/>
  <testcase classname="BoxTest" name="UnitTest28" time="0.001"/>
  <testcase classname="BoxTest" name="UnitTest29" time="0.005"/>
  <testcase classname="BoxTest" name="UnitTest30" time="0.006"/>
  <testcase classname="BoxTest" name="UnitTest31" time="0.001"/>
  <testcase classname="BoxTest" name="UnitTest32" time="0"/>
  <testcase classname="BoxTest" name="Box1" time="0.001"/>
  <testcase classname="BoxTest" name="Box2" time="0.002"/>
  <testcase classname="BoxTest" name="Box3" time="0.001"/>
  <testcase classname="BoxTest" name="Box4" time="0.001"/>
  <testcase classname="BoxTest" name="Box5" time="0.001"/>
  <testcase classname="BoxTest" name="Box6" time="0.002"/>
  <testcase classname="BoxTest" name="UnitTest1" time="0.002"/>
  <testcase classname="BoxTest" name="UnitTest2" time="0.001"/>
  <testcase classname="BoxTest" name="UnitTest3" time="0.004"/>
  <testcase classname="BoxTest" name="UnitTest4" time="0.015"/>
  <testcase classname="BoxTest" name="UnitTest5" time="0.013"/>
  <testcase classname="BoxTest" name="UnitTest6" time="0.013"/>
  <testcase classname="BoxTest" name="UnitTest7" time="0.001"/>
  <testcase classname="BoxTest" name="UnitTest8" time="0.011"/>
  <testcase classname="BoxTest" name="UnitTest9" time="0.002"/>
</testsuite>